Your IP was updated at Sat Jun 24 20:25:58 IST 2023
Your IP was updated at Sat Jun 24 20:27:01 IST 2023
Your IP was updated at Sat Jun 24 20:27:55 IST 2023
Your IP was updated at Sat Jun 24 20:34:17 IST 2023
Your IP was updated at Sat Jun 24 20:36:01 IST 2023
Your IP was updated at Sat Jun 24 20:43:34 IST 2023
Your IP was updated at Sat Jun 24 21:32:38 IST 2023
Your IP was updated at Sat Jun 24 21:37:59 IST 2023
Your IP was updated at Sat Jun 24 21:42:08 IST 2023
Your IP was updated at Sat Jun 24 21:49:16 IST 2023
Your IP was updated at Sat Jun 24 21:51:03 IST 2023
Your IP was updated at Sat Jun 24 21:59:33 IST 2023
Your IP was updated at Sat Jun 24 22:03:04 IST 2023
Your IP was updated at Sat Jun 24 22:06:03 IST 2023
Your IP was updated at Sat Jun 24 22:14:05 IST 2023
Your IP was updated at Sat Jun 24 22:19:37 IST 2023
Your IP was updated at Sat Jun 24 22:23:54 IST 2023
Your IP was updated at Sat Jun 24 22:26:33 IST 2023
Your IP was updated at Sun Jun 25 08:46:01 IST 2023
Your IP was updated at Sun Jun 25 09:37:15 IST 2023
Your IP was updated at Sun Jun 25 09:43:38 IST 2023
Your IP was updated at Sun Jun 25 09:48:20 IST 2023
Your IP was updated at Sun Jun 25 09:52:38 IST 2023
Your IP was updated at Sun Jun 25 09:54:07 IST 2023
Your IP was updated at Sun Jun 25 09:58:45 IST 2023
Your IP was updated at Sun Jun 25 10:01:59 IST 2023
Your IP was updated at Sun Jun 25 10:07:58 IST 2023
Your IP was updated at Sun Jun 25 10:14:48 IST 2023
Your IP was updated at Sun Jun 25 10:16:28 IST 2023
Your IP was updated at Sun Jun 25 10:22:51 IST 2023
Your IP was updated at Sun Jun 25 10:26:36 IST 2023
Your IP was updated at Sun Jun 25 10:33:38 IST 2023
Your IP was updated at Sun Jun 25 10:37:57 IST 2023
Your IP was updated at Sun Jun 25 10:44:02 IST 2023
Your IP was updated at Sun Jun 25 10:47:07 IST 2023
Your IP was updated at Sun Jun 25 10:54:37 IST 2023
Your IP was updated at Sun Jun 25 10:56:49 IST 2023
Your IP was updated at Sun Jun 25 11:04:11 IST 2023
Your IP was updated at Sun Jun 25 11:08:53 IST 2023
Your IP was updated at Sun Jun 25 11:13:56 IST 2023
Your IP was updated at Sun Jun 25 11:19:17 IST 2023
Your IP was updated at Sun Jun 25 11:24:27 IST 2023
Your IP was updated at Sun Jun 25 11:26:45 IST 2023
Your IP was updated at Sun Jun 25 11:31:43 IST 2023
Your IP was updated at Sun Jun 25 11:39:47 IST 2023
Your IP was updated at Sun Jun 25 11:42:59 IST 2023
Your IP was updated at Sun Jun 25 11:46:57 IST 2023
Your IP was updated at Sun Jun 25 11:52:55 IST 2023
Your IP was updated at Sun Jun 25 11:56:19 IST 2023
Your IP was updated at Sun Jun 25 12:03:22 IST 2023
Your IP was updated at Sun Jun 25 12:08:02 IST 2023
Your IP was updated at Sun Jun 25 12:14:14 IST 2023
Your IP was updated at Sun Jun 25 12:18:27 IST 2023
Your IP was updated at Sun Jun 25 12:21:28 IST 2023
Your IP was updated at Sun Jun 25 12:27:05 IST 2023
Your IP was updated at Sun Jun 25 12:32:45 IST 2023
Your IP was updated at Sun Jun 25 12:36:45 IST 2023
Your IP was updated at Sun Jun 25 12:42:13 IST 2023
Your IP was updated at Sun Jun 25 12:47:26 IST 2023
Your IP was updated at Sun Jun 25 12:53:21 IST 2023
Your IP was updated at Sun Jun 25 12:57:53 IST 2023
Your IP was updated at Sun Jun 25 13:02:10 IST 2023
Your IP was updated at Sun Jun 25 13:06:24 IST 2023
Your IP was updated at Sun Jun 25 13:11:54 IST 2023
Your IP was updated at Sun Jun 25 13:16:49 IST 2023
Your IP was updated at Sun Jun 25 13:21:50 IST 2023
Your IP was updated at Sun Jun 25 13:26:52 IST 2023
Your IP was updated at Sun Jun 25 14:58:19 IST 2023
Your IP was updated at Sun Jun 25 15:02:42 IST 2023
Your IP was updated at Sun Jun 25 15:09:25 IST 2023
Your IP was updated at Sun Jun 25 15:11:49 IST 2023
Your IP was updated at Sun Jun 25 15:18:34 IST 2023
Your IP was updated at Sun Jun 25 15:24:25 IST 2023
Your IP was updated at Sun Jun 25 15:26:57 IST 2023
Your IP was updated at Sun Jun 25 15:34:49 IST 2023
Your IP was updated at Sun Jun 25 15:39:19 IST 2023
Your IP was updated at Sun Jun 25 15:55:24 IST 2023
Your IP was updated at Sun Jun 25 16:02:23 IST 2023
Your IP was updated at Sun Jun 25 16:06:20 IST 2023
Your IP was updated at Sun Jun 25 16:11:14 IST 2023
Your IP was updated at Sun Jun 25 16:19:01 IST 2023
Your IP was updated at Sun Jun 25 16:23:54 IST 2023
Your IP was updated at Sun Jun 25 16:26:57 IST 2023
Your IP was updated at Sun Jun 25 16:33:16 IST 2023
Your IP was updated at Sun Jun 25 16:37:51 IST 2023
Your IP was updated at Sun Jun 25 16:41:37 IST 2023
Your IP was updated at Sun Jun 25 16:48:44 IST 2023
Your IP was updated at Sun Jun 25 16:52:00 IST 2023
Your IP was updated at Sun Jun 25 16:58:46 IST 2023
Your IP was updated at Sun Jun 25 17:01:53 IST 2023
Your IP was updated at Sun Jun 25 17:12:45 IST 2023
Your IP was updated at Sun Jun 25 17:17:36 IST 2023
Your IP was updated at Sun Jun 25 17:23:52 IST 2023
Your IP was updated at Sun Jun 25 17:28:58 IST 2023
Your IP was updated at Sun Jun 25 17:33:11 IST 2023
Your IP was updated at Sun Jun 25 17:37:28 IST 2023
Your IP was updated at Sun Jun 25 17:43:15 IST 2023
Your IP was updated at Sun Jun 25 17:48:16 IST 2023
Your IP was updated at Sun Jun 25 17:53:29 IST 2023
Your IP was updated at Sun Jun 25 17:59:14 IST 2023
Your IP was updated at Sun Jun 25 18:04:19 IST 2023
Your IP was updated at Sun Jun 25 18:06:25 IST 2023
Your IP was updated at Sun Jun 25 18:13:13 IST 2023
Your IP was updated at Sun Jun 25 18:19:11 IST 2023
Your IP was updated at Sun Jun 25 18:23:55 IST 2023
Your IP was updated at Sun Jun 25 18:29:17 IST 2023
Your IP was updated at Sun Jun 25 18:31:06 IST 2023
Your IP was updated at Sun Jun 25 19:21:29 IST 2023
Your IP was updated at Sun Jun 25 19:22:21 IST 2023
Your IP was updated at Sun Jun 25 19:29:27 IST 2023
Your IP was updated at Sun Jun 25 19:32:49 IST 2023
Your IP was updated at Sun Jun 25 19:36:43 IST 2023
Your IP was updated at Sun Jun 25 19:42:28 IST 2023
Your IP was updated at Sun Jun 25 19:46:09 IST 2023
Your IP was updated at Sun Jun 25 19:51:09 IST 2023
Your IP was updated at Sun Jun 25 19:57:36 IST 2023
Your IP was updated at Sun Jun 25 20:01:14 IST 2023
Your IP was updated at Sun Jun 25 20:07:17 IST 2023
Your IP was updated at Sun Jun 25 20:13:21 IST 2023
Your IP was updated at Sun Jun 25 20:18:39 IST 2023
Something went wrong, please check your settings Mon Jun 26 07:42:45 IST 2023
The response returned was:
KO
Something went wrong, please check your settings Mon Jun 26 07:49:00 IST 2023
The response returned was:
KO
Something went wrong, please check your settings Mon Jun 26 07:53:28 IST 2023
The response returned was:
KO
Something went wrong, please check your settings Mon Jun 26 07:59:14 IST 2023
The response returned was:
KO
Something went wrong, please check your settings Mon Jun 26 08:04:19 IST 2023
The response returned was:
KO
Something went wrong, please check your settings Mon Jun 26 08:06:56 IST 2023
The response returned was:
KO
Something went wrong, please check your settings Mon Jun 26 08:11:07 IST 2023
The response returned was:
KO
Something went wrong, please check your settings Mon Jun 26 08:16:32 IST 2023
The response returned was:
KO
Something went wrong, please check your settings Mon Jun 26 08:22:49 IST 2023
The response returned was:
KO
Something went wrong, please check your settings Mon Jun 26 08:29:40 IST 2023
The response returned was:
KO
Something went wrong, please check your settings Mon Jun 26 08:31:43 IST 2023
The response returned was:
KO
Something went wrong, please check your settings Mon Jun 26 08:39:20 IST 2023
The response returned was:
KO
Something went wrong, please check your settings Mon Jun 26 08:42:43 IST 2023
The response returned was:
KO
Something went wrong, please check your settings Mon Jun 26 08:49:07 IST 2023
The response returned was:
KO
Something went wrong, please check your settings Mon Jun 26 08:51:04 IST 2023
The response returned was:
KO
Something went wrong, please check your settings Mon Jun 26 08:56:43 IST 2023
The response returned was:
KO
Something went wrong, please check your settings Mon Jun 26 09:03:57 IST 2023
The response returned was:
KO
Something went wrong, please check your settings Mon Jun 26 09:08:21 IST 2023
The response returned was:
KO
Something went wrong, please check your settings Mon Jun 26 09:14:38 IST 2023
The response returned was:
KO
Something went wrong, please check your settings Mon Jun 26 09:17:15 IST 2023
The response returned was:
KO
Something went wrong, please check your settings Mon Jun 26 09:22:17 IST 2023
The response returned was:
KO
Something went wrong, please check your settings Mon Jun 26 09:27:32 IST 2023
The response returned was:
KO
Something went wrong, please check your settings Mon Jun 26 09:31:02 IST 2023
The response returned was:
KO
Something went wrong, please check your settings Mon Jun 26 09:39:29 IST 2023
The response returned was:
KO
Something went wrong, please check your settings Mon Jun 26 09:44:08 IST 2023
The response returned was:
KO
Something went wrong, please check your settings Mon Jun 26 09:49:16 IST 2023
The response returned was:
KO
Something went wrong, please check your settings Mon Jun 26 09:52:20 IST 2023
The response returned was:
KO
Something went wrong, please check your settings Mon Jun 26 09:58:38 IST 2023
The response returned was:
KO
Something went wrong, please check your settings Mon Jun 26 10:02:45 IST 2023
The response returned was:
KO
Your IP was updated at Mon Jun 26 10:07:56 IST 2023
Your IP was updated at Mon Jun 26 10:12:14 IST 2023
Your IP was updated at Mon Jun 26 10:19:26 IST 2023
Your IP was updated at Mon Jun 26 10:23:51 IST 2023
Your IP was updated at Mon Jun 26 10:29:10 IST 2023
Your IP was updated at Mon Jun 26 10:31:59 IST 2023
Your IP was updated at Mon Jun 26 10:39:40 IST 2023
Your IP was updated at Mon Jun 26 10:44:08 IST 2023
Your IP was updated at Mon Jun 26 10:47:43 IST 2023
Your IP was updated at Mon Jun 26 10:53:13 IST 2023
Your IP was updated at Mon Jun 26 10:56:13 IST 2023
Your IP was updated at Mon Jun 26 11:04:43 IST 2023
Your IP was updated at Mon Jun 26 11:06:11 IST 2023
Your IP was updated at Mon Jun 26 11:12:39 IST 2023
Your IP was updated at Mon Jun 26 11:19:46 IST 2023
Your IP was updated at Mon Jun 26 11:23:41 IST 2023
Your IP was updated at Mon Jun 26 11:28:33 IST 2023
Your IP was updated at Mon Jun 26 11:32:19 IST 2023
Your IP was updated at Mon Jun 26 11:40:25 IST 2023
Your IP was updated at Mon Jun 26 11:46:41 IST 2023
Your IP was updated at Mon Jun 26 11:54:05 IST 2023
Your IP was updated at Mon Jun 26 11:59:12 IST 2023
Your IP was updated at Mon Jun 26 12:03:14 IST 2023
Your IP was updated at Mon Jun 26 12:06:22 IST 2023
Your IP was updated at Mon Jun 26 12:14:26 IST 2023
Your IP was updated at Mon Jun 26 12:19:42 IST 2023
Your IP was updated at Mon Jun 26 12:23:07 IST 2023
Your IP was updated at Mon Jun 26 12:27:04 IST 2023
Your IP was updated at Mon Jun 26 12:34:24 IST 2023
Your IP was updated at Mon Jun 26 12:37:28 IST 2023
Your IP was updated at Mon Jun 26 12:44:22 IST 2023
Your IP was updated at Mon Jun 26 12:48:11 IST 2023
Your IP was updated at Mon Jun 26 12:52:39 IST 2023
Your IP was updated at Mon Jun 26 13:01:19 IST 2023
Your IP was updated at Mon Jun 26 13:08:52 IST 2023
Your IP was updated at Mon Jun 26 13:13:22 IST 2023
Your IP was updated at Mon Jun 26 13:18:13 IST 2023
Your IP was updated at Mon Jun 26 13:22:19 IST 2023
Your IP was updated at Mon Jun 26 13:27:42 IST 2023
Your IP was updated at Mon Jun 26 13:32:59 IST 2023
Your IP was updated at Mon Jun 26 13:39:03 IST 2023
Your IP was updated at Mon Jun 26 13:42:25 IST 2023
Your IP was updated at Mon Jun 26 13:46:42 IST 2023
Your IP was updated at Mon Jun 26 13:54:43 IST 2023
Your IP was updated at Mon Jun 26 13:57:30 IST 2023
Your IP was updated at Mon Jun 26 14:02:32 IST 2023
Your IP was updated at Mon Jun 26 14:07:20 IST 2023
Your IP was updated at Mon Jun 26 14:12:04 IST 2023
Your IP was updated at Mon Jun 26 14:17:16 IST 2023
Your IP was updated at Mon Jun 26 14:21:23 IST 2023
Your IP was updated at Mon Jun 26 14:29:40 IST 2023
Your IP was updated at Mon Jun 26 14:33:28 IST 2023
Your IP was updated at Mon Jun 26 14:37:28 IST 2023
Your IP was updated at Mon Jun 26 14:41:56 IST 2023
Your IP was updated at Mon Jun 26 14:49:30 IST 2023
Your IP was updated at Mon Jun 26 14:52:19 IST 2023
Your IP was updated at Mon Jun 26 14:57:42 IST 2023
Your IP was updated at Mon Jun 26 15:02:20 IST 2023
Your IP was updated at Mon Jun 26 15:09:44 IST 2023
Your IP was updated at Mon Jun 26 15:14:14 IST 2023
Your IP was updated at Mon Jun 26 15:17:46 IST 2023
Your IP was updated at Mon Jun 26 15:24:49 IST 2023
Your IP was updated at Mon Jun 26 15:28:57 IST 2023
Your IP was updated at Mon Jun 26 15:31:31 IST 2023
Your IP was updated at Mon Jun 26 15:36:27 IST 2023
Your IP was updated at Mon Jun 26 15:43:02 IST 2023
Your IP was updated at Mon Jun 26 15:49:16 IST 2023
Your IP was updated at Mon Jun 26 15:52:24 IST 2023
Your IP was updated at Mon Jun 26 15:58:56 IST 2023
Your IP was updated at Mon Jun 26 16:01:16 IST 2023
Your IP was updated at Mon Jun 26 16:08:05 IST 2023
Your IP was updated at Mon Jun 26 16:13:24 IST 2023
Your IP was updated at Mon Jun 26 16:16:34 IST 2023
Your IP was updated at Mon Jun 26 16:21:09 IST 2023
Your IP was updated at Mon Jun 26 18:37:43 IST 2023
Your IP was updated at Mon Jun 26 18:42:43 IST 2023
Your IP was updated at Mon Jun 26 18:46:46 IST 2023
Your IP was updated at Mon Jun 26 18:51:39 IST 2023
Your IP was updated at Mon Jun 26 18:59:26 IST 2023
Your IP was updated at Mon Jun 26 19:04:09 IST 2023
Your IP was updated at Mon Jun 26 19:07:21 IST 2023
Your IP was updated at Mon Jun 26 19:13:16 IST 2023
Your IP was updated at Mon Jun 26 19:18:23 IST 2023
Your IP was updated at Mon Jun 26 19:23:44 IST 2023
Your IP was updated at Mon Jun 26 19:26:23 IST 2023
Something went wrong, please check your settings Mon Jun 26 19:32:02 IST 2023
The response returned was:
KO
Something went wrong, please check your settings Mon Jun 26 19:37:13 IST 2023
The response returned was:
KO
Something went wrong, please check your settings Mon Jun 26 19:43:48 IST 2023
The response returned was:
KO
Something went wrong, please check your settings Mon Jun 26 19:49:16 IST 2023
The response returned was:
KO
Something went wrong, please check your settings Mon Jun 26 19:51:13 IST 2023
The response returned was:
KO
Something went wrong, please check your settings Mon Jun 26 19:57:28 IST 2023
The response returned was:
KO
Something went wrong, please check your settings Mon Jun 26 20:58:37 IST 2023
The response returned was:
KO
Something went wrong, please check your settings Mon Jun 26 21:02:48 IST 2023
The response returned was:
KO
Something went wrong, please check your settings Mon Jun 26 21:09:38 IST 2023
The response returned was:
KO
Something went wrong, please check your settings Mon Jun 26 21:14:45 IST 2023
The response returned was:
KO
Something went wrong, please check your settings Mon Jun 26 21:19:36 IST 2023
The response returned was:
KO
Something went wrong, please check your settings Mon Jun 26 21:23:07 IST 2023
The response returned was:
KO
Something went wrong, please check your settings Mon Jun 26 21:27:24 IST 2023
The response returned was:
KO
Something went wrong, please check your settings Mon Jun 26 21:33:55 IST 2023
The response returned was:
KO
Something went wrong, please check your settings Mon Jun 26 21:38:01 IST 2023
The response returned was:
KO
Something went wrong, please check your settings Mon Jun 26 21:42:27 IST 2023
The response returned was:
KO
Something went wrong, please check your settings Mon Jun 26 21:46:49 IST 2023
The response returned was:
KO
Something went wrong, please check your settings Tue Jun 27 08:25:13 IST 2023
The response returned was:
KO
Something went wrong, please check your settings Tue Jun 27 08:31:51 IST 2023
The response returned was:
KO
Something went wrong, please check your settings Tue Jun 27 08:38:50 IST 2023
The response returned was:
KO
Something went wrong, please check your settings Tue Jun 27 08:44:32 IST 2023
The response returned was:
KO
Something went wrong, please check your settings Tue Jun 27 08:47:08 IST 2023
The response returned was:
KO
Something went wrong, please check your settings Tue Jun 27 08:53:42 IST 2023
The response returned was:
KO
Something went wrong, please check your settings Tue Jun 27 08:56:07 IST 2023
The response returned was:
KO
Something went wrong, please check your settings Tue Jun 27 09:01:32 IST 2023
The response returned was:
KO
Something went wrong, please check your settings Tue Jun 27 09:07:20 IST 2023
The response returned was:
KO
Something went wrong, please check your settings Tue Jun 27 09:13:59 IST 2023
The response returned was:
KO
Something went wrong, please check your settings Tue Jun 27 09:17:30 IST 2023
The response returned was:
KO
Something went wrong, please check your settings Tue Jun 27 09:23:57 IST 2023
The response returned was:
KO
Something went wrong, please check your settings Tue Jun 27 09:27:57 IST 2023
The response returned was:
KO
Something went wrong, please check your settings Tue Jun 27 09:33:13 IST 2023
The response returned was:
KO
Something went wrong, please check your settings Tue Jun 27 09:37:48 IST 2023
The response returned was:
KO
Something went wrong, please check your settings Tue Jun 27 09:41:04 IST 2023
The response returned was:
KO
Something went wrong, please check your settings Tue Jun 27 09:49:32 IST 2023
The response returned was:
KO
Something went wrong, please check your settings Tue Jun 27 09:54:10 IST 2023
The response returned was:
KO
Something went wrong, please check your settings Tue Jun 27 09:57:18 IST 2023
The response returned was:
KO
Something went wrong, please check your settings Tue Jun 27 10:01:50 IST 2023
The response returned was:
KO
Something went wrong, please check your settings Tue Jun 27 10:08:04 IST 2023
The response returned was:
KO
Something went wrong, please check your settings Tue Jun 27 10:12:58 IST 2023
The response returned was:
KO
Something went wrong, please check your settings Tue Jun 27 10:18:35 IST 2023
The response returned was:
KO
Something went wrong, please check your settings Tue Jun 27 10:24:13 IST 2023
The response returned was:
KO
Something went wrong, please check your settings Tue Jun 27 10:26:57 IST 2023
The response returned was:
KO
Something went wrong, please check your settings Tue Jun 27 10:33:31 IST 2023
The response returned was:
KO
Something went wrong, please check your settings Tue Jun 27 10:39:17 IST 2023
The response returned was:
KO
Something went wrong, please check your settings Tue Jun 27 10:41:08 IST 2023
The response returned was:
KO
Something went wrong, please check your settings Tue Jun 27 10:47:47 IST 2023
The response returned was:
KO
Something went wrong, please check your settings Tue Jun 27 10:51:56 IST 2023
The response returned was:
KO
Something went wrong, please check your settings Tue Jun 27 10:56:18 IST 2023
The response returned was:
KO
Something went wrong, please check your settings Tue Jun 27 11:03:54 IST 2023
The response returned was:
KO
Something went wrong, please check your settings Tue Jun 27 11:08:41 IST 2023
The response returned was:
KO
Something went wrong, please check your settings Tue Jun 27 11:13:13 IST 2023
The response returned was:
KO
Something went wrong, please check your settings Tue Jun 27 11:19:14 IST 2023
The response returned was:
KO
Something went wrong, please check your settings Tue Jun 27 11:24:30 IST 2023
The response returned was:
KO
Something went wrong, please check your settings Tue Jun 27 11:27:30 IST 2023
The response returned was:
KO
Something went wrong, please check your settings Tue Jun 27 11:31:14 IST 2023
The response returned was:
KO
Something went wrong, please check your settings Tue Jun 27 11:37:27 IST 2023
The response returned was:
KO
Something went wrong, please check your settings Tue Jun 27 11:43:18 IST 2023
The response returned was:
KO
Something went wrong, please check your settings Tue Jun 27 11:48:14 IST 2023
The response returned was:
KO
Something went wrong, please check your settings Tue Jun 27 11:51:45 IST 2023
The response returned was:
KO
Something went wrong, please check your settings Tue Jun 27 11:57:02 IST 2023
The response returned was:
KO
Something went wrong, please check your settings Tue Jun 27 12:02:58 IST 2023
The response returned was:
KO
Something went wrong, please check your settings Tue Jun 27 12:09:23 IST 2023
The response returned was:
KO
Something went wrong, please check your settings Tue Jun 27 12:11:28 IST 2023
The response returned was:
KO
Something went wrong, please check your settings Tue Jun 27 12:18:23 IST 2023
The response returned was:
KO
Something went wrong, please check your settings Tue Jun 27 12:22:28 IST 2023
The response returned was:
KO
Something went wrong, please check your settings Tue Jun 27 12:28:00 IST 2023
The response returned was:
KO
Something went wrong, please check your settings Tue Jun 27 12:32:35 IST 2023
The response returned was:
KO
Something went wrong, please check your settings Tue Jun 27 12:39:19 IST 2023
The response returned was:
KO
Something went wrong, please check your settings Tue Jun 27 12:42:40 IST 2023
The response returned was:
KO
Something went wrong, please check your settings Tue Jun 27 12:46:49 IST 2023
The response returned was:
KO
Something went wrong, please check your settings Tue Jun 27 12:51:46 IST 2023
The response returned was:
KO
Something went wrong, please check your settings Tue Jun 27 13:04:44 IST 2023
The response returned was:
KO
Something went wrong, please check your settings Tue Jun 27 13:04:52 IST 2023
The response returned was:
KO
Something went wrong, please check your settings Tue Jun 27 13:13:18 IST 2023
The response returned was:
KO
Something went wrong, please check your settings Tue Jun 27 13:18:55 IST 2023
The response returned was:
KO
Something went wrong, please check your settings Tue Jun 27 13:21:08 IST 2023
The response returned was:
KO
Something went wrong, please check your settings Tue Jun 27 13:28:16 IST 2023
The response returned was:
KO
Something went wrong, please check your settings Tue Jun 27 18:16:50 IST 2023
The response returned was:
KO
Something went wrong, please check your settings Tue Jun 27 18:21:55 IST 2023
The response returned was:
KO
Something went wrong, please check your settings Tue Jun 27 18:28:35 IST 2023
The response returned was:
KO
Something went wrong, please check your settings Tue Jun 27 18:33:29 IST 2023
The response returned was:
KO
Something went wrong, please check your settings Tue Jun 27 18:36:43 IST 2023
The response returned was:
KO
Something went wrong, please check your settings Tue Jun 27 18:44:41 IST 2023
The response returned was:
KO
Something went wrong, please check your settings Tue Jun 27 18:46:08 IST 2023
The response returned was:
KO
Something went wrong, please check your settings Tue Jun 27 18:52:15 IST 2023
The response returned was:
KO
Something went wrong, please check your settings Tue Jun 27 18:57:01 IST 2023
The response returned was:
KO
Something went wrong, please check your settings Tue Jun 27 19:04:07 IST 2023
The response returned was:
KO
Something went wrong, please check your settings Tue Jun 27 19:06:10 IST 2023
The response returned was:
KO
Something went wrong, please check your settings Tue Jun 27 19:13:52 IST 2023
The response returned was:
KO
Something went wrong, please check your settings Tue Jun 27 19:17:10 IST 2023
The response returned was:
KO
Something went wrong, please check your settings Tue Jun 27 19:22:36 IST 2023
The response returned was:
KO
Something went wrong, please check your settings Tue Jun 27 19:28:15 IST 2023
The response returned was:
KO
Something went wrong, please check your settings Tue Jun 27 19:31:49 IST 2023
The response returned was:
KO
Something went wrong, please check your settings Tue Jun 27 19:49:38 IST 2023
The response returned was:
KO
Something went wrong, please check your settings Tue Jun 27 19:51:39 IST 2023
The response returned was:
KO
Something went wrong, please check your settings Tue Jun 27 19:59:11 IST 2023
The response returned was:
KO
Something went wrong, please check your settings Tue Jun 27 20:04:08 IST 2023
The response returned was:
KO
Something went wrong, please check your settings Tue Jun 27 20:09:00 IST 2023
The response returned was:
KO
Something went wrong, please check your settings Tue Jun 27 20:12:37 IST 2023
The response returned was:
KO
Something went wrong, please check your settings Tue Jun 27 20:18:16 IST 2023
The response returned was:
KO
Something went wrong, please check your settings Tue Jun 27 20:22:46 IST 2023
The response returned was:
KO
Something went wrong, please check your settings Tue Jun 27 20:28:55 IST 2023
The response returned was:
KO
Something went wrong, please check your settings Tue Jun 27 20:34:13 IST 2023
The response returned was:
KO
Something went wrong, please check your settings Tue Jun 27 20:39:12 IST 2023
The response returned was:
KO
Something went wrong, please check your settings Tue Jun 27 20:41:35 IST 2023
The response returned was:
KO
Something went wrong, please check your settings Tue Jun 27 20:51:08 IST 2023
The response returned was:
KO
Something went wrong, please check your settings Tue Jun 27 20:58:38 IST 2023
The response returned was:
KO
Something went wrong, please check your settings Tue Jun 27 21:04:40 IST 2023
The response returned was:
KO
Something went wrong, please check your settings Tue Jun 27 21:06:31 IST 2023
The response returned was:
KO
Something went wrong, please check your settings Tue Jun 27 21:12:19 IST 2023
The response returned was:
KO
Something went wrong, please check your settings Tue Jun 27 21:17:56 IST 2023
The response returned was:
KO
Something went wrong, please check your settings Tue Jun 27 21:23:00 IST 2023
The response returned was:
KO
Something went wrong, please check your settings Tue Jun 27 21:26:36 IST 2023
The response returned was:
KO
Something went wrong, please check your settings Tue Jun 27 21:31:19 IST 2023
The response returned was:
KO
Something went wrong, please check your settings Tue Jun 27 21:37:57 IST 2023
The response returned was:
KO
Something went wrong, please check your settings Tue Jun 27 21:42:49 IST 2023
The response returned was:
KO
Something went wrong, please check your settings Tue Jun 27 21:47:23 IST 2023
The response returned was:
KO
Your IP was updated at Thu Jun 29 08:04:48 IST 2023
Your IP was updated at Thu Jun 29 08:09:25 IST 2023
Your IP was updated at Thu Jun 29 08:12:00 IST 2023
Your IP was updated at Thu Jun 29 08:14:00 IST 2023
Your IP was updated at Thu Jun 29 10:16:35 IST 2023
Your IP was updated at Thu Jun 29 10:21:11 IST 2023
Your IP was updated at Thu Jun 29 13:16:56 IST 2023
Your IP was updated at Thu Jun 29 13:24:13 IST 2023
Your IP was updated at Thu Jun 29 13:24:54 IST 2023
Your IP was updated at Thu Jun 29 13:26:53 IST 2023
Your IP was updated at Thu Jun 29 13:31:05 IST 2023
Your IP was updated at Thu Jun 29 13:59:02 IST 2023
Your IP was updated at Thu Jun 29 14:00:46 IST 2023
Your IP was updated at Thu Jun 29 14:07:20 IST 2023
Your IP was updated at Thu Jun 29 14:13:58 IST 2023
Your IP was updated at Thu Jun 29 14:17:22 IST 2023
Your IP was updated at Thu Jun 29 14:23:56 IST 2023
Your IP was updated at Thu Jun 29 17:49:20 IST 2023
Your IP was updated at Thu Jun 29 17:50:57 IST 2023
Your IP was updated at Thu Jun 29 17:57:35 IST 2023
